# JRE version: OpenJDK Runtime Environment Temurin-17.0.9+9 (17.0.9+9) (build 17.0.9+9)
# Java VM: OpenJDK 64-Bit Server VM Temurin-17.0.9+9 (17.0.9+9, mixed mode, sharing, tiered, compressed oops, compressed class ptrs, g1 gc, windows-amd64)
GC Precious Log:
 CPUs: 12 total, 12 available
 Memory: 16052M
 Large Page Support: Disabled
 NUMA Support: Disabled
 Compressed Oops: Enabled (Zero based)
 Heap Region Size: 1M
 Heap Min Capacity: 8M
 Heap Initial Capacity: 252M
 Heap Max Capacity: 2G
 Pre-touch: Disabled
 Parallel Workers: 10
 Concurrent Workers: 3
 Concurrent Refinement Workers: 10
 Periodic GC: Disabled
Heap:
 garbage-first heap   total 390144K, used 164503K [0x0000000200000000, 0x0000000280000000)
  region size 1024K, 57 young (58368K), 18 survivors (18432K)
 Metaspace       used 101096K, committed 102144K, reserved 983040K
  class space    used 13633K, committed 14144K, reserved 851968K
GC Heap History (20 events):
Event: 92.950 GC heap before
{Heap before GC invocations=41 (full 0):
 garbage-first heap   total 266240K, used 218626K [0x0000000200000000, 0x0000000280000000)
  region size 1024K, 107 young (109568K), 2 survivors (2048K)
 Metaspace       used 96545K, committed 97472K, reserved 983040K
  class space    used 13038K, committed 13440K, reserved 851968K
}
Event: 92.953 GC heap after
{Heap after GC invocations=42 (full 0):
 garbage-first heap   total 390144K, used 111754K [0x0000000200000000, 0x0000000280000000)
  region size 1024K, 2 young (2048K), 2 survivors (2048K)
 Metaspace       used 96545K, committed 97472K, reserved 983040K
  class space    used 13038K, committed 13440K, reserved 851968K
}
Event: 93.132 GC heap before
{Heap before GC invocations=42 (full 0):
 garbage-first heap   total 390144K, used 330890K [0x0000000200000000, 0x0000000280000000)
  region size 1024K, 216 young (221184K), 2 survivors (2048K)
 Metaspace       used 96669K, committed 97600K, reserved 983040K
  class space    used 13041K, committed 13440K, reserved 851968K
}
Event: 93.135 GC heap after
{Heap after GC invocations=43 (full 0):
 garbage-first heap   total 390144K, used 113537K [0x0000000200000000, 0x0000000280000000)
  region size 1024K, 4 young (4096K), 4 survivors (4096K)
 Metaspace       used 96669K, committed 97600K, reserved 983040K
  class space    used 13041K, committed 13440K, reserved 851968K
}
Event: 93.255 GC heap before
{Heap before GC invocations=43 (full 0):
 garbage-first heap   total 390144K, used 331649K [0x0000000200000000, 0x0000000280000000)
  region size 1024K, 217 young (222208K), 4 survivors (4096K)
 Metaspace       used 96683K, committed 97600K, reserved 983040K
  class space    used 13042K, committed 13440K, reserved 851968K
}
Event: 93.257 GC heap after
{Heap after GC invocations=44 (full 0):
 garbage-first heap   total 390144K, used 115801K [0x0000000200000000, 0x0000000280000000)
  region size 1024K, 6 young (6144K), 6 survivors (6144K)
 Metaspace       used 96683K, committed 97600K, reserved 983040K
  class space    used 13042K, committed 13440K, reserved 851968K
}
Event: 93.383 GC heap before
{Heap before GC invocations=44 (full 0):
 garbage-first heap   total 390144K, used 334937K [0x0000000200000000, 0x0000000280000000)
  region size 1024K, 220 young (225280K), 6 survivors (6144K)
 Metaspace       used 96766K, committed 97728K, reserved 983040K
  class space    used 13052K, committed 13504K, reserved 851968K
}
Event: 93.387 GC heap after
{Heap after GC invocations=45 (full 0):
 garbage-first heap   total 390144K, used 118390K [0x0000000200000000, 0x0000000280000000)
  region size 1024K, 8 young (8192K), 8 survivors (8192K)
 Metaspace       used 96766K, committed 97728K, reserved 983040K
  class space    used 13052K, committed 13504K, reserved 851968K
}
Event: 93.522 GC heap before
{Heap before GC invocations=45 (full 0):
 garbage-first heap   total 390144K, used 336502K [0x0000000200000000, 0x0000000280000000)
  region size 1024K, 221 young (226304K), 8 survivors (8192K)
 Metaspace       used 96773K, committed 97728K, reserved 983040K
  class space    used 13053K, committed 13504K, reserved 851968K
}
Event: 93.526 GC heap after
{Heap after GC invocations=46 (full 0):
 garbage-first heap   total 390144K, used 119103K [0x0000000200000000, 0x0000000280000000)
  region size 1024K, 10 young (10240K), 10 survivors (10240K)
 Metaspace       used 96773K, committed 97728K, reserved 983040K
  class space    used 13053K, committed 13504K, reserved 851968K
}
Event: 93.669 GC heap before
{Heap before GC invocations=46 (full 0):
 garbage-first heap   total 390144K, used 338239K [0x0000000200000000, 0x0000000280000000)
  region size 1024K, 224 young (229376K), 10 survivors (10240K)
 Metaspace       used 96787K, committed 97728K, reserved 983040K
  class space    used 13053K, committed 13504K, reserved 851968K
}
Event: 93.673 GC heap after
{Heap after GC invocations=47 (full 0):
 garbage-first heap   total 390144K, used 120643K [0x0000000200000000, 0x0000000280000000)
  region size 1024K, 12 young (12288K), 12 survivors (12288K)
 Metaspace       used 96787K, committed 97728K, reserved 983040K
  class space    used 13053K, committed 13504K, reserved 851968K
}
Event: 93.855 GC heap before
{Heap before GC invocations=47 (full 0):
 garbage-first heap   total 390144K, used 336707K [0x0000000200000000, 0x0000000280000000)
  region size 1024K, 223 young (228352K), 12 survivors (12288K)
 Metaspace       used 96798K, committed 97728K, reserved 983040K
  class space    used 13053K, committed 13504K, reserved 851968K
}
Event: 93.861 GC heap after
{Heap after GC invocations=48 (full 0):
 garbage-first heap   total 390144K, used 120535K [0x0000000200000000, 0x0000000280000000)
  region size 1024K, 13 young (13312K), 13 survivors (13312K)
 Metaspace       used 96798K, committed 97728K, reserved 983040K
  class space    used 13053K, committed 13504K, reserved 851968K
}
Event: 94.103 GC heap before
{Heap before GC invocations=48 (full 0):
 garbage-first heap   total 390144K, used 335575K [0x0000000200000000, 0x0000000280000000)
  region size 1024K, 223 young (228352K), 13 survivors (13312K)
 Metaspace       used 96813K, committed 97792K, reserved 983040K
  class space    used 13054K, committed 13504K, reserved 851968K
}
Event: 94.108 GC heap after
{Heap after GC invocations=49 (full 0):
 garbage-first heap   total 390144K, used 121943K [0x0000000200000000, 0x0000000280000000)
  region size 1024K, 14 young (14336K), 14 survivors (14336K)
 Metaspace       used 96813K, committed 97792K, reserved 983040K
  class space    used 13054K, committed 13504K, reserved 851968K
}
Event: 94.323 GC heap before
{Heap before GC invocations=49 (full 0):
 garbage-first heap   total 390144K, used 334935K [0x0000000200000000, 0x0000000280000000)
  region size 1024K, 222 young (227328K), 14 survivors (14336K)
 Metaspace       used 96826K, committed 97792K, reserved 983040K
  class space    used 13054K, committed 13504K, reserved 851968K
}
Event: 94.328 GC heap after
{Heap after GC invocations=50 (full 0):
 garbage-first heap   total 390144K, used 123506K [0x0000000200000000, 0x0000000280000000)
  region size 1024K, 15 young (15360K), 15 survivors (15360K)
 Metaspace       used 96826K, committed 97792K, reserved 983040K
  class space    used 13054K, committed 13504K, reserved 851968K
}
Event: 94.747 GC heap before
{Heap before GC invocations=50 (full 0):
 garbage-first heap   total 390144K, used 334450K [0x0000000200000000, 0x0000000280000000)
  region size 1024K, 221 young (226304K), 15 survivors (15360K)
 Metaspace       used 97428K, committed 98368K, reserved 983040K
  class space    used 13136K, committed 13568K, reserved 851968K
}
Event: 94.753 GC heap after
{Heap after GC invocations=51 (full 0):
 garbage-first heap   total 390144K, used 126615K [0x0000000200000000, 0x0000000280000000)
  region size 1024K, 18 young (18432K), 18 survivors (18432K)
 Metaspace       used 97428K, committed 98368K, reserved 983040K
  class space    used 13136K, committed 13568K, reserved 851968K
}

